[2021-04-12 14:22:31 INFO]: install::setup-logging ended
================
[2021-04-12 14:22:31 INFO]: install::start-up started
[2021-04-12 14:22:31 INFO]: install::start-up starting services
[2021-04-12 14:22:31 INFO]: install::start-up ended
================
[2021-04-12 14:26:50 INFO]: install::root-check started
[2021-04-12 14:26:50 INFO]: install::root-check ended
================
[2021-04-12 14:26:50 INFO]: install::docker-check started
[2021-04-12 14:26:50 INFO]: install::docker-check ended
================
[2021-04-12 14:26:50 INFO]: install::docker-compose-check started
[2021-04-12 14:26:50 INFO]: install::docker-compose-check ended
================
[2021-04-12 14:26:50 INFO]: install::tear-down started
[2021-04-12 14:26:50 INFO]: install::tear-down starting services
[2021-04-12 14:26:50 INFO]: install::tear-down ended
================
[2021-04-12 14:28:58 INFO]: install::root-check started
[2021-04-12 14:28:58 INFO]: install::root-check ended
================
[2021-04-12 14:28:58 INFO]: install::docker-check started
[2021-04-12 14:28:58 INFO]: install::docker-check ended
================
[2021-04-12 14:28:58 INFO]: install::docker-compose-check started
[2021-04-12 14:28:58 INFO]: install::docker-compose-check ended
================
[2021-04-12 14:28:58 INFO]: install::tear-down started
[2021-04-12 14:28:58 INFO]: install::compress started
[2021-04-12 14:28:58 INFO]: install::compress changing directory to db
[2021-04-12 14:28:58 INFO]: install::compress compressing db/data_dump 
[2021-04-12 14:28:58 INFO]: install::compress removing data_dump 
[2021-04-12 14:28:58 INFO]: install::compress changing directory back
[2021-04-12 14:28:58 INFO]: install::compress ended
================
[2021-04-12 14:28:58 INFO]: install::compress starting services
[2021-04-12 14:28:58 INFO]: install::compress ended
================
